c:\users\dmitry\documents\github\tokenizer\tokenizer\x64\debug\vc142.pdb
c:\users\dmitry\documents\github\tokenizer\tokenizer\x64\debug\vc142.idb
c:\users\dmitry\documents\github\tokenizer\tokenizer\x64\debug\tokenizer.obj
c:\users\dmitry\documents\github\tokenizer\tokenizer\x64\debug\parser.obj
c:\users\dmitry\documents\github\tokenizer\tokenizer\x64\debug\lemmatizator.obj
a:\tokenizer\tokenizer\tokenizer\x64\debug\vc142.pdb
a:\tokenizer\tokenizer\tokenizer\x64\debug\vc142.idb
a:\tokenizer\tokenizer\tokenizer\x64\debug\tokenizer.obj
a:\tokenizer\tokenizer\tokenizer\x64\debug\parser.obj
a:\tokenizer\tokenizer\tokenizer\x64\debug\lemmatizator.obj
c:\users\dmitry\documents\github\tokenizer\x64\debug\tokenizer.exe
c:\users\dmitry\documents\github\tokenizer\x64\debug\tokenizer.ilk
c:\users\dmitry\documents\github\tokenizer\x64\debug\tokenizer.pdb
a:\tokenizer\tokenizer\x64\debug\tokenizer.ilk
a:\tokenizer\tokenizer\x64\debug\tokenizer.exe
a:\tokenizer\tokenizer\x64\debug\tokenizer.pdb
a:\tokenizer\tokenizer\tokenizer\x64\debug\tokenizer.tlog\cl.command.1.tlog
a:\tokenizer\tokenizer\tokenizer\x64\debug\tokenizer.tlog\cl.read.1.tlog
a:\tokenizer\tokenizer\tokenizer\x64\debug\tokenizer.tlog\cl.write.1.tlog
a:\tokenizer\tokenizer\tokenizer\x64\debug\tokenizer.tlog\link.command.1.tlog
a:\tokenizer\tokenizer\tokenizer\x64\debug\tokenizer.tlog\link.read.1.tlog
a:\tokenizer\tokenizer\tokenizer\x64\debug\tokenizer.tlog\link.write.1.tlog
